<?xml version="1.0" encoding="utf-8"?><testsuites><testsuite name="pytest" errors="0" failures="0" skipped="0" tests="25" time="0.243" timestamp="2026-02-04T18:13:21.037142+01:00" hostname="jtv"><testcase classname="tests.tgedr_pycommons.cicd.test_entrypoint" name="test_parse_arguments" time="0.002" /><testcase classname="tests.tgedr_pycommons.cicd.test_entrypoint" name="test_entrypoint_function" time="0.001" /><testcase classname="tests.tgedr_pycommons.cicd.test_entrypoint" name="test_entrypoint_function_no_params" time="0.001" /><testcase classname="tests.tgedr_pycommons.cicd.test_entrypoint" name="test_entrypoint_class_init_config_plus_run_function_with_params" time="0.001" /><testcase classname="tests.tgedr_pycommons.cicd.test_entrypoint" name="test_entrypoint_class_run_function_with_params" time="0.001" /><testcase classname="tests.tgedr_pycommons.cicd.test_entrypoint" name="test_entrypoint_class_run_function_with_no_params" time="0.001" /><testcase classname="tests.tgedr_pycommons.cicd.test_entrypoint" name="test_entrypoint_class_run_function_with_null_params" time="0.001" /><testcase classname="tests.tgedr_pycommons.data.test_processing" name="test_process_text_array" time="0.000" /><testcase classname="tests.tgedr_pycommons.data.test_processing" name="test_process_text_array_unbalanced" time="0.001" /><testcase classname="tests.tgedr_pycommons.utils.test_reflection" name="test_load_subclass_from_module" time="0.001" /><testcase classname="tests.tgedr_pycommons.utils.test_reflection" name="test_load_class" time="0.000" /><testcase classname="tests.tgedr_pycommons.utils.test_reflection" name="test_load_class_no_parent_check" time="0.000" /><testcase classname="tests.tgedr_pycommons.utils.test_reflection" name="test_load_subclass_from_module_attribute_error" time="0.000" /><testcase classname="tests.tgedr_pycommons.utils.test_reflection" name="test_load_class_from_module_type_error1" time="0.000" /><testcase classname="tests.tgedr_pycommons.utils.test_reflection" name="test_load_class_from_module_type_error2" time="0.000" /><testcase classname="tests.tgedr_pycommons.utils.test_reflection" name="test_get_type" time="0.000" /><testcase classname="tests.tgedr_pycommons.utils.test_reflection" name="test_is_subclass_of" time="0.000" /><testcase classname="tests.tgedr_pycommons.utils.test_reflection" name="test_is_subclass_of_not" time="0.000" /><testcase classname="tests.tgedr_pycommons.utils.test_reflection" name="test_find_module_classes" time="0.000" /><testcase classname="tests.tgedr_pycommons.utils.test_reflection" name="test_find_module_classes_and_create_one" time="0.000" /><testcase classname="tests.tgedr_pycommons.utils.test_reflection" name="test_find_package_folder" time="0.000" /><testcase classname="tests.tgedr_pycommons.utils.test_reflection" name="test_find_class_implementations" time="0.003" /><testcase classname="tests.tgedr_pycommons.utils.test_reflection" name="test_load_class_not_callable" time="0.001" /><testcase classname="tests.tgedr_pycommons.utils.test_reflection" name="test_load_class_wrong_parent" time="0.001" /><testcase classname="tests.tgedr_pycommons.utils.test_reflection" name="test_load_subclass_from_module_not_callable" time="0.000" /></testsuite></testsuites>
