<?xml version="1.0" encoding="utf-8"?><testsuites><testsuite name="pytest" errors="0" failures="0" skipped="0" tests="87" time="0.928" timestamp="2026-06-01T16:18:41.830377+02:00" hostname="MACJ52TFXLR42"><testcase classname="tests.tgedr_pycommons.cicd.test_create_release_report" name="test_split_section_basic" time="0.001" /><testcase classname="tests.tgedr_pycommons.cicd.test_create_release_report" name="test_split_section_no_body" time="0.000" /><testcase classname="tests.tgedr_pycommons.cicd.test_create_release_report" name="test_add_section_defaults" time="0.002" /><testcase classname="tests.tgedr_pycommons.cicd.test_create_release_report" name="test_add_section_custom_sizes_and_font" time="0.002" /><testcase classname="tests.tgedr_pycommons.cicd.test_create_release_report" name="test_generate_report" time="0.007" /><testcase classname="tests.tgedr_pycommons.cicd.test_create_release_report" name="test_generate_report_multiple_sections" time="0.005" /><testcase classname="tests.tgedr_pycommons.cicd.test_create_release_report" name="test_main" time="0.004" /><testcase classname="tests.tgedr_pycommons.cicd.test_entrypoint" name="test_parse_arguments" time="0.000" /><testcase classname="tests.tgedr_pycommons.cicd.test_entrypoint" name="test_entrypoint_function" time="0.001" /><testcase classname="tests.tgedr_pycommons.cicd.test_entrypoint" name="test_entrypoint_function_no_params" time="0.000" /><testcase classname="tests.tgedr_pycommons.cicd.test_entrypoint" name="test_entrypoint_class_init_config_plus_run_function_with_params" time="0.000" /><testcase classname="tests.tgedr_pycommons.cicd.test_entrypoint" name="test_entrypoint_class_run_function_with_params" time="0.000" /><testcase classname="tests.tgedr_pycommons.cicd.test_entrypoint" name="test_entrypoint_class_run_function_with_no_params" time="0.000" /><testcase classname="tests.tgedr_pycommons.cicd.test_entrypoint" name="test_entrypoint_class_run_function_with_null_params" time="0.000" /><testcase classname="tests.tgedr_pycommons.cicd.test_markdown_to_pdf" name="test_convert_creates_pdf" time="0.024" /><testcase classname="tests.tgedr_pycommons.cicd.test_markdown_to_pdf" name="test_convert_file_not_found" time="0.000" /><testcase classname="tests.tgedr_pycommons.cicd.test_markdown_to_pdf" name="test_convert_handles_unicode" time="0.005" /><testcase classname="tests.tgedr_pycommons.cicd.test_markdown_to_pdf" name="test_convert_empty_file" time="0.002" /><testcase classname="tests.tgedr_pycommons.cicd.test_markdown_to_pdf" name="test_convert_full_document" time="0.005" /><testcase classname="tests.tgedr_pycommons.cicd.test_markdown_to_pdf" name="test_convert_skips_empty_blocks" time="0.004" /><testcase classname="tests.tgedr_pycommons.cicd.test_markdown_to_pdf" name="test_split_html_blocks_single_block" time="0.000" /><testcase classname="tests.tgedr_pycommons.cicd.test_markdown_to_pdf" name="test_split_html_blocks_multiple" time="0.000" /><testcase classname="tests.tgedr_pycommons.cicd.test_markdown_to_pdf" name="test_split_html_blocks_multiline_block" time="0.000" /><testcase classname="tests.tgedr_pycommons.cicd.test_pr_approvals_github" name="test_get_completed_prs" time="0.001" /><testcase classname="tests.tgedr_pycommons.cicd.test_pr_approvals_github" name="test_get_approval_details_empty_reviews" time="0.000" /><testcase classname="tests.tgedr_pycommons.cicd.test_pr_approvals_github" name="test_get_approval_details_approved_with_timestamp" time="0.000" /><testcase classname="tests.tgedr_pycommons.cicd.test_pr_approvals_github" name="test_get_approval_details_approved_no_timestamp" time="0.000" /><testcase classname="tests.tgedr_pycommons.cicd.test_pr_approvals_github" name="test_get_approval_details_changes_requested" time="0.000" /><testcase classname="tests.tgedr_pycommons.cicd.test_pr_approvals_github" name="test_get_approval_details_dismissed" time="0.000" /><testcase classname="tests.tgedr_pycommons.cicd.test_pr_approvals_github" name="test_get_approval_details_ignored_state" time="0.000" /><testcase classname="tests.tgedr_pycommons.cicd.test_pr_approvals_github" name="test_get_approval_details_latest_review_wins" time="0.000" /><testcase classname="tests.tgedr_pycommons.cicd.test_pr_approvals_github" name="test_get_approval_details_unknown_author" time="0.000" /><testcase classname="tests.tgedr_pycommons.cicd.test_pr_approvals_github" name="test_get_merge_commit_id_present" time="0.000" /><testcase classname="tests.tgedr_pycommons.cicd.test_pr_approvals_github" name="test_get_merge_commit_id_absent" time="0.000" /><testcase classname="tests.tgedr_pycommons.cicd.test_pr_approvals_github" name="test_generate_pdf_with_approvals" time="0.003" /><testcase classname="tests.tgedr_pycommons.cicd.test_pr_approvals_github" name="test_generate_pdf_no_approvals" time="0.002" /><testcase classname="tests.tgedr_pycommons.cicd.test_pr_approvals_github" name="test_generate_pdf_page_break" time="0.003" /><testcase classname="tests.tgedr_pycommons.cicd.test_pr_approvals_github" name="test_main_with_prs" time="0.001" /><testcase classname="tests.tgedr_pycommons.cicd.test_pr_approvals_github" name="test_main_no_prs" time="0.001" /><testcase classname="tests.tgedr_pycommons.cicd.test_pr_approvals_github" name="test_generate_pr_approvals_pdf_with_prs" time="0.001" /><testcase classname="tests.tgedr_pycommons.cicd.test_pr_approvals_github" name="test_generate_pr_approvals_pdf_no_prs" time="0.000" /><testcase classname="tests.tgedr_pycommons.cicd.test_pr_report_generator" name="test_pr_review_from_dict" time="0.000" /><testcase classname="tests.tgedr_pycommons.cicd.test_pr_report_generator" name="test_pr_merge_from_dict_with_reviews" time="0.000" /><testcase classname="tests.tgedr_pycommons.cicd.test_pr_report_generator" name="test_pr_merge_from_dict_no_reviews" time="0.000" /><testcase classname="tests.tgedr_pycommons.cicd.test_pr_report_generator" name="test_pr_report_data_fields" time="0.000" /><testcase classname="tests.tgedr_pycommons.cicd.test_pr_report_generator" name="test_get_instance_returns_default" time="0.000" /><testcase classname="tests.tgedr_pycommons.cicd.test_pr_report_generator" name="test_get_instance_with_name_returns_default" time="0.000" /><testcase classname="tests.tgedr_pycommons.cicd.test_pr_report_generator" name="test_generate_report_with_reviews" time="0.000" /><testcase classname="tests.tgedr_pycommons.cicd.test_pr_report_generator" name="test_generate_report_no_reviews" time="0.000" /><testcase classname="tests.tgedr_pycommons.cicd.test_pr_report_generator" name="test_generate_report_empty_prs" time="0.000" /><testcase classname="tests.tgedr_pycommons.cicd.test_pr_report_generator" name="test_github_generator_get_pr_report_data" time="0.001" /><testcase classname="tests.tgedr_pycommons.cicd.test_pr_report_generator" name="test_github_generator_get_pr_report" time="0.001" /><testcase classname="tests.tgedr_pycommons.cicd.test_pr_report_generator" name="test_post_filter_removes_non_matching_states" time="0.001" /><testcase classname="tests.tgedr_pycommons.cicd.test_pr_report_generator" name="test_post_filter_custom_states" time="0.001" /><testcase classname="tests.tgedr_pycommons.cicd.test_pr_report_generator" name="test_post_filter_keeps_no_reviews_when_all_filtered" time="0.001" /><testcase classname="tests.tgedr_pycommons.cicd.test_pr_report_generator" name="test_post_filter_directly" time="0.000" /><testcase classname="tests.tgedr_pycommons.cicd.test_pr_report_generator" name="test_generate_pr_approvals_md" time="0.002" /><testcase classname="tests.tgedr_pycommons.cicd.test_pr_report_generator" name="test_main" time="0.003" /><testcase classname="tests.tgedr_pycommons.cicd.test_pr_report_generator" name="test_main_defaults" time="0.003" /><testcase classname="tests.tgedr_pycommons.data.test_processing" name="test_process_text_array" time="0.000" /><testcase classname="tests.tgedr_pycommons.data.test_processing" name="test_process_text_array_unbalanced" time="0.000" /><testcase classname="tests.tgedr_pycommons.utils.test_reflection" name="test_load_subclass_from_module" time="0.000" /><testcase classname="tests.tgedr_pycommons.utils.test_reflection" name="test_load_class" time="0.000" /><testcase classname="tests.tgedr_pycommons.utils.test_reflection" name="test_load_class_no_parent_check" time="0.000" /><testcase classname="tests.tgedr_pycommons.utils.test_reflection" name="test_load_subclass_from_module_attribute_error" time="0.000" /><testcase classname="tests.tgedr_pycommons.utils.test_reflection" name="test_load_class_from_module_type_error1" time="0.000" /><testcase classname="tests.tgedr_pycommons.utils.test_reflection" name="test_load_class_from_module_type_error2" time="0.000" /><testcase classname="tests.tgedr_pycommons.utils.test_reflection" name="test_get_type" time="0.000" /><testcase classname="tests.tgedr_pycommons.utils.test_reflection" name="test_is_subclass_of" time="0.000" /><testcase classname="tests.tgedr_pycommons.utils.test_reflection" name="test_is_subclass_of_not" time="0.000" /><testcase classname="tests.tgedr_pycommons.utils.test_reflection" name="test_find_module_classes" time="0.000" /><testcase classname="tests.tgedr_pycommons.utils.test_reflection" name="test_find_module_classes_and_create_one" time="0.001" /><testcase classname="tests.tgedr_pycommons.utils.test_reflection" name="test_find_package_folder" time="0.000" /><testcase classname="tests.tgedr_pycommons.utils.test_reflection" name="test_find_class_implementations" time="0.004" /><testcase classname="tests.tgedr_pycommons.utils.test_reflection" name="test_load_class_not_callable" time="0.000" /><testcase classname="tests.tgedr_pycommons.utils.test_reflection" name="test_load_class_wrong_parent" time="0.000" /><testcase classname="tests.tgedr_pycommons.utils.test_reflection" name="test_load_subclass_from_module_not_callable" time="0.000" /><testcase classname="tests.tgedr_pycommons.utils.test_singleton" name="test_singleton_creates_single_instance" time="0.000" /><testcase classname="tests.tgedr_pycommons.utils.test_singleton" name="test_singleton_different_classes_have_different_instances" time="0.000" /><testcase classname="tests.tgedr_pycommons.utils.test_singleton" name="test_singleton_with_no_args" time="0.000" /><testcase classname="tests.tgedr_pycommons.utils.test_singleton" name="test_singleton_with_kwargs" time="0.000" /><testcase classname="tests.tgedr_pycommons.utils.test_singleton" name="test_singleton_with_mixed_args_kwargs" time="0.000" /><testcase classname="tests.tgedr_pycommons.utils.test_singleton" name="test_singleton_state_persistence" time="0.000" /><testcase classname="tests.tgedr_pycommons.utils.test_singleton" name="test_singleton_inheritance" time="0.000" /><testcase classname="tests.tgedr_pycommons.utils.test_singleton" name="test_singleton_with_mutable_default_args" time="0.000" /><testcase classname="tests.tgedr_pycommons.utils.test_singleton" name="test_singleton_with_complex_initialization" time="0.000" /><testcase classname="tests.tgedr_pycommons.utils.test_singleton" name="test_singleton_thread_safety_basic" time="0.000" /></testsuite></testsuites>